action: GLOB, msg: packaging
cwd: /home/muserau/Git/backend-demo
cmd: /home/muserau/Git/backend-demo/venv/bin/python3 setup.py sdist --formats=zip --dist-dir .tox/dist
running sdist
running egg_info
writing backend_demo.egg-info/PKG-INFO
writing dependency_links to backend_demo.egg-info/dependency_links.txt
writing top-level names to backend_demo.egg-info/top_level.txt
reading manifest file 'backend_demo.egg-info/SOURCES.txt'
writing manifest file 'backend_demo.egg-info/SOURCES.txt'
running check
warning: check: missing required meta-data: url

warning: check: missing meta-data: either (author and author_email) or (maintainer and maintainer_email) must be supplied

creating backend-demo-0.0.0
creating backend-demo-0.0.0/app
creating backend-demo-0.0.0/backend_demo.egg-info
copying files to backend-demo-0.0.0...
copying README.md -> backend-demo-0.0.0
copying setup.py -> backend-demo-0.0.0
copying app/__init__.py -> backend-demo-0.0.0/app
copying app/main.py -> backend-demo-0.0.0/app
copying app/security.py -> backend-demo-0.0.0/app
copying backend_demo.egg-info/PKG-INFO -> backend-demo-0.0.0/backend_demo.egg-info
copying backend_demo.egg-info/SOURCES.txt -> backend-demo-0.0.0/backend_demo.egg-info
copying backend_demo.egg-info/dependency_links.txt -> backend-demo-0.0.0/backend_demo.egg-info
copying backend_demo.egg-info/top_level.txt -> backend-demo-0.0.0/backend_demo.egg-info
Writing backend-demo-0.0.0/setup.cfg
creating '.tox/dist/backend-demo-0.0.0.zip' and adding 'backend-demo-0.0.0' to it
adding 'backend-demo-0.0.0'
adding 'backend-demo-0.0.0/backend_demo.egg-info'
adding 'backend-demo-0.0.0/app'
adding 'backend-demo-0.0.0/setup.py'
adding 'backend-demo-0.0.0/PKG-INFO'
adding 'backend-demo-0.0.0/setup.cfg'
adding 'backend-demo-0.0.0/README.md'
adding 'backend-demo-0.0.0/backend_demo.egg-info/top_level.txt'
adding 'backend-demo-0.0.0/backend_demo.egg-info/PKG-INFO'
adding 'backend-demo-0.0.0/backend_demo.egg-info/SOURCES.txt'
adding 'backend-demo-0.0.0/backend_demo.egg-info/dependency_links.txt'
adding 'backend-demo-0.0.0/app/security.py'
adding 'backend-demo-0.0.0/app/main.py'
adding 'backend-demo-0.0.0/app/__init__.py'
removing 'backend-demo-0.0.0' (and everything under it)
